Build started 14/11/2015 17:31:38.
     1>Project "C:\Users\Dave\documents\visual studio 2015\Projects\AssignmentEx4\AssignmentEx4\AssignmentEx4.vcxproj" on node 2 (Build target(s)).
     1>ClCompile:
         C:\Program Files (x86)\Microsoft Visual Studio 14.0\VC\bin\CL.exe /c /ZI /nologo /W3 /WX- /sdl /Od /Oy- /D _MBCS /Gm /EHsc /RTC1 /MDd /GS /fp:precise /Zc:wchar_t /Zc:forScope /Zc:inline /Fo"Debug\\" /Fd"Debug\vc140.pdb" /Gd /TC /analyze- /errorReport:prompt linked_list.c
         linked_list.c
     1>c:\users\dave\documents\visual studio 2015\projects\assignmentex4\assignmentex4\linked_list.c(31): warning C4020: 'malloc': too many actual parameters
     1>c:\users\dave\documents\visual studio 2015\projects\assignmentex4\assignmentex4\linked_list.c(39): warning C4020: 'malloc': too many actual parameters
     1>c:\users\dave\documents\visual studio 2015\projects\assignmentex4\assignmentex4\linked_list.c(68): warning C4716: 'find_palindrome_in_list': must return a value
     1>c:\users\dave\documents\visual studio 2015\projects\assignmentex4\assignmentex4\linked_list.c(84): warning C4716: 'add_palNode_from_keyboard': must return a value
     1>c:\users\dave\documents\visual studio 2015\projects\assignmentex4\assignmentex4\linked_list.c(92): warning C4716: 'solve_palindrome_of_node': must return a value
     1>c:\users\dave\documents\visual studio 2015\projects\assignmentex4\assignmentex4\linked_list.c(100): warning C4716: 'solve_a_palindrome': must return a value
     1>c:\users\dave\documents\visual studio 2015\projects\assignmentex4\assignmentex4\linked_list.c(116): warning C4716: 'remove_a_palindrome': must return a value
     1>c:\users\dave\documents\visual studio 2015\projects\assignmentex4\assignmentex4\linked_list.c(124): warning C4716: 'get_length_of_list': must return a value
     1>c:\users\dave\documents\visual studio 2015\projects\assignmentex4\assignmentex4\linked_list.c(132): warning C4716: 'sort_the_list': must return a value
     1>c:\users\dave\documents\visual studio 2015\projects\assignmentex4\assignmentex4\linked_list.c(108): warning C4716: 'find_previous_node': must return a value
       Link:
         C:\Program Files (x86)\Microsoft Visual Studio 14.0\VC\bin\link.exe /ERRORREPORT:PROMPT /OUT:"C:\Users\Dave\documents\visual studio 2015\Projects\AssignmentEx4\Debug\AssignmentEx4.exe" /INCREMENTAL /NOLOGO kernel32.lib user32.lib gdi32.lib winspool.lib comdlg32.lib advapi32.lib shell32.lib ole32.lib oleaut32.lib uuid.lib odbc32.lib odbccp32.lib /MANIFEST /MANIFESTUAC:"level='asInvoker' uiAccess='false'" /manifest:embed /Debug /PDB:"C:\Users\Dave\documents\visual studio 2015\Projects\AssignmentEx4\Debug\AssignmentEx4.pdb" /TLBID:1 /DYNAMICBASE /NXCOMPAT /IMPLIB:"C:\Users\Dave\documents\visual studio 2015\Projects\AssignmentEx4\Debug\AssignmentEx4.lib" /MACHINE:X86 Debug\ex4.obj
         Debug\linked_list.obj
         Debug\pal.obj
         Debug\visible.obj
         AssignmentEx4.vcxproj -> C:\Users\Dave\documents\visual studio 2015\Projects\AssignmentEx4\Debug\AssignmentEx4.exe
     1>Done Building Project "C:\Users\Dave\documents\visual studio 2015\Projects\AssignmentEx4\AssignmentEx4\AssignmentEx4.vcxproj" (Build target(s)).

Build succeeded.

Time Elapsed 00:00:01.43
